# JRE version: OpenJDK Runtime Environment (8.0_111-b14) (build 1.8.0_111-8u111-b14-2ubuntu0.16.04.2-b14)
# Java VM: OpenJDK 64-Bit Server VM (25.111-b14 mixed mode linux-amd64 compressed oops)
Heap:
 PSYoungGen      total 24064K, used 17031K [0x00000000d7000000, 0x00000000d8880000, 0x0000000100000000)
  eden space 23552K, 71% used [0x00000000d7000000,0x00000000d8059c38,0x00000000d8700000)
  from space 512K, 56% used [0x00000000d8780000,0x00000000d87c8000,0x00000000d8800000)
  to   space 512K, 0% used [0x00000000d8800000,0x00000000d8800000,0x00000000d8880000)
 ParOldGen       total 84992K, used 25753K [0x0000000085000000, 0x000000008a300000, 0x00000000d7000000)
  object space 84992K, 30% used [0x0000000085000000,0x00000000869264c8,0x000000008a300000)
 Metaspace       used 11524K, capacity 11755K, committed 12032K, reserved 1060864K
  class space    used 1071K, capacity 1158K, committed 1280K, reserved 1048576K
GC Heap History (10 events):
Event: 859.675 GC heap before
{Heap before GC invocations=577 (full 0):
 PSYoungGen      total 24064K, used 23776K [0x00000000d7000000, 0x00000000d8880000, 0x0000000100000000)
  eden space 23552K, 100% used [0x00000000d7000000,0x00000000d8700000,0x00000000d8700000)
  from space 512K, 43% used [0x00000000d8800000,0x00000000d8838000,0x00000000d8880000)
  to   space 512K, 0% used [0x00000000d8780000,0x00000000d8780000,0x00000000d8800000)
 ParOldGen       total 84992K, used 25585K [0x0000000085000000, 0x000000008a300000, 0x00000000d7000000)
  object space 84992K, 30% used [0x0000000085000000,0x00000000868fc4c8,0x000000008a300000)
 Metaspace       used 11496K, capacity 11691K, committed 12032K, reserved 1060864K
  class space    used 1066K, capacity 1158K, committed 1280K, reserved 1048576K
Event: 859.679 GC heap after
Heap after GC invocations=577 (full 0):
 PSYoungGen      total 24064K, used 256K [0x00000000d7000000, 0x00000000d8880000, 0x0000000100000000)
  eden space 23552K, 0% used [0x00000000d7000000,0x00000000d7000000,0x00000000d8700000)
  from space 512K, 50% used [0x00000000d8780000,0x00000000d87c0000,0x00000000d8800000)
  to   space 512K, 0% used [0x00000000d8800000,0x00000000d8800000,0x00000000d8880000)
 ParOldGen       total 84992K, used 25625K [0x0000000085000000, 0x000000008a300000, 0x00000000d7000000)
  object space 84992K, 30% used [0x0000000085000000,0x00000000869064c8,0x000000008a300000)
 Metaspace       used 11496K, capacity 11691K, committed 12032K, reserved 1060864K
  class space    used 1066K, capacity 1158K, committed 1280K, reserved 1048576K
}
Event: 861.106 GC heap before
{Heap before GC invocations=578 (full 0):
 PSYoungGen      total 24064K, used 23808K [0x00000000d7000000, 0x00000000d8880000, 0x0000000100000000)
  eden space 23552K, 100% used [0x00000000d7000000,0x00000000d8700000,0x00000000d8700000)
  from space 512K, 50% used [0x00000000d8780000,0x00000000d87c0000,0x00000000d8800000)
  to   space 512K, 0% used [0x00000000d8800000,0x00000000d8800000,0x00000000d8880000)
 ParOldGen       total 84992K, used 25625K [0x0000000085000000, 0x000000008a300000, 0x00000000d7000000)
  object space 84992K, 30% used [0x0000000085000000,0x00000000869064c8,0x000000008a300000)
 Metaspace       used 11496K, capacity 11691K, committed 12032K, reserved 1060864K
  class space    used 1066K, capacity 1158K, committed 1280K, reserved 1048576K
Event: 861.108 GC heap after
Heap after GC invocations=578 (full 0):
 PSYoungGen      total 24064K, used 224K [0x00000000d7000000, 0x00000000d8880000, 0x0000000100000000)
  eden space 23552K, 0% used [0x00000000d7000000,0x00000000d7000000,0x00000000d8700000)
  from space 512K, 43% used [0x00000000d8800000,0x00000000d8838000,0x00000000d8880000)
  to   space 512K, 0% used [0x00000000d8780000,0x00000000d8780000,0x00000000d8800000)
 ParOldGen       total 84992K, used 25657K [0x0000000085000000, 0x000000008a300000, 0x00000000d7000000)
  object space 84992K, 30% used [0x0000000085000000,0x000000008690e4c8,0x000000008a300000)
 Metaspace       used 11496K, capacity 11691K, committed 12032K, reserved 1060864K
  class space    used 1066K, capacity 1158K, committed 1280K, reserved 1048576K
}
Event: 862.733 GC heap before
{Heap before GC invocations=579 (full 0):
 PSYoungGen      total 24064K, used 23776K [0x00000000d7000000, 0x00000000d8880000, 0x0000000100000000)
  eden space 23552K, 100% used [0x00000000d7000000,0x00000000d8700000,0x00000000d8700000)
  from space 512K, 43% used [0x00000000d8800000,0x00000000d8838000,0x00000000d8880000)
  to   space 512K, 0% used [0x00000000d8780000,0x00000000d8780000,0x00000000d8800000)
 ParOldGen       total 84992K, used 25657K [0x0000000085000000, 0x000000008a300000, 0x00000000d7000000)
  object space 84992K, 30% used [0x0000000085000000,0x000000008690e4c8,0x000000008a300000)
 Metaspace       used 11496K, capacity 11691K, committed 12032K, reserved 1060864K
  class space    used 1066K, capacity 1158K, committed 1280K, reserved 1048576K
Event: 862.735 GC heap after
Heap after GC invocations=579 (full 0):
 PSYoungGen      total 24064K, used 224K [0x00000000d7000000, 0x00000000d8880000, 0x0000000100000000)
  eden space 23552K, 0% used [0x00000000d7000000,0x00000000d7000000,0x00000000d8700000)
  from space 512K, 43% used [0x00000000d8780000,0x00000000d87b8000,0x00000000d8800000)
  to   space 512K, 0% used [0x00000000d8800000,0x00000000d8800000,0x00000000d8880000)
 ParOldGen       total 84992K, used 25689K [0x0000000085000000, 0x000000008a300000, 0x00000000d7000000)
  object space 84992K, 30% used [0x0000000085000000,0x00000000869164c8,0x000000008a300000)
 Metaspace       used 11496K, capacity 11691K, committed 12032K, reserved 1060864K
  class space    used 1066K, capacity 1158K, committed 1280K, reserved 1048576K
}
Event: 864.222 GC heap before
{Heap before GC invocations=580 (full 0):
 PSYoungGen      total 24064K, used 23776K [0x00000000d7000000, 0x00000000d8880000, 0x0000000100000000)
  eden space 23552K, 100% used [0x00000000d7000000,0x00000000d8700000,0x00000000d8700000)
  from space 512K, 43% used [0x00000000d8780000,0x00000000d87b8000,0x00000000d8800000)
  to   space 512K, 0% used [0x00000000d8800000,0x00000000d8800000,0x00000000d8880000)
 ParOldGen       total 84992K, used 25689K [0x0000000085000000, 0x000000008a300000, 0x00000000d7000000)
  object space 84992K, 30% used [0x0000000085000000,0x00000000869164c8,0x000000008a300000)
 Metaspace       used 11496K, capacity 11691K, committed 12032K, reserved 1060864K
  class space    used 1066K, capacity 1158K, committed 1280K, reserved 1048576K
Event: 864.223 GC heap after
Heap after GC invocations=580 (full 0):
 PSYoungGen      total 24064K, used 256K [0x00000000d7000000, 0x00000000d8880000, 0x0000000100000000)
  eden space 23552K, 0% used [0x00000000d7000000,0x00000000d7000000,0x00000000d8700000)
  from space 512K, 50% used [0x00000000d8800000,0x00000000d8840000,0x00000000d8880000)
  to   space 512K, 0% used [0x00000000d8780000,0x00000000d8780000,0x00000000d8800000)
 ParOldGen       total 84992K, used 25721K [0x0000000085000000, 0x000000008a300000, 0x00000000d7000000)
  object space 84992K, 30% used [0x0000000085000000,0x000000008691e4c8,0x000000008a300000)
 Metaspace       used 11496K, capacity 11691K, committed 12032K, reserved 1060864K
  class space    used 1066K, capacity 1158K, committed 1280K, reserved 1048576K
}
Event: 865.801 GC heap before
{Heap before GC invocations=581 (full 0):
 PSYoungGen      total 24064K, used 23808K [0x00000000d7000000, 0x00000000d8880000, 0x0000000100000000)
  eden space 23552K, 100% used [0x00000000d7000000,0x00000000d8700000,0x00000000d8700000)
  from space 512K, 50% used [0x00000000d8800000,0x00000000d8840000,0x00000000d8880000)
  to   space 512K, 0% used [0x00000000d8780000,0x00000000d8780000,0x00000000d8800000)
 ParOldGen       total 84992K, used 25721K [0x0000000085000000, 0x000000008a300000, 0x00000000d7000000)
  object space 84992K, 30% used [0x0000000085000000,0x000000008691e4c8,0x000000008a300000)
 Metaspace       used 11496K, capacity 11691K, committed 12032K, reserved 1060864K
  class space    used 1066K, capacity 1158K, committed 1280K, reserved 1048576K
Event: 865.802 GC heap after
Heap after GC invocations=581 (full 0):
 PSYoungGen      total 24064K, used 288K [0x00000000d7000000, 0x00000000d8880000, 0x0000000100000000)
  eden space 23552K, 0% used [0x00000000d7000000,0x00000000d7000000,0x00000000d8700000)
  from space 512K, 56% used [0x00000000d8780000,0x00000000d87c8000,0x00000000d8800000)
  to   space 512K, 0% used [0x00000000d8800000,0x00000000d8800000,0x00000000d8880000)
 ParOldGen       total 84992K, used 25753K [0x0000000085000000, 0x000000008a300000, 0x00000000d7000000)
  object space 84992K, 30% used [0x0000000085000000,0x00000000869264c8,0x000000008a300000)
 Metaspace       used 11496K, capacity 11691K, committed 12032K, reserved 1060864K
  class space    used 1066K, capacity 1158K, committed 1280K, reserved 1048576K
}

